aefbc6f7-1534-43c9-90ee-5afa038b3a88:1740758229770:4:S:SELECT * FROM CAT;
67be9a22-5a69-40b1-a450-1a90e3f92573:1740758242794:28:S:CREATE TABLE AREA (\n    ID_MATERIA VARCHAR(3) PRIMARY KEY,\n    DESCRIPCION_MATERIA VARCHAR(30)\n);
9d57f046-9cf2-4bf4-86be-2bbe020612f3:1740758243028:11:S:CREATE TABLE CURSO (\n    NUM_CURSO VARCHAR(10) PRIMARY KEY,\n    NOMBRE_CURSO VARCHAR(30),\n    CREDITOS VARCHAR(2)\n);
1441573c-08e8-4274-971c-67146b4b0c54:1740758243382:12:S:CREATE TABLE ESTUDIANTE (\n    ID_ESTUDIANTE VARCHAR(4) PRIMARY KEY,\n    APELLIDO VARCHAR(15),\n    NOMBRE VARCHAR(15),\n    INICIAL CHAR(1),\n    ID_MATERIA VARCHAR(3),\n    CONSTRAINT A_AREA \n    FOREIGN KEY (ID_MATERIA) REFERENCES AREA(ID_MATERIA)\n);
a87dbcfb-9230-4932-8e90-33fd75c051b0:1740758243766:7:S:CREATE TABLE INSCRIPCION (\n    ID_ESTUDIANTE VARCHAR(4),\n    NUM_CURSO VARCHAR(10),\n    FECHA_FIN DATE,\n    PRIMARY KEY (ID_ESTUDIANTE, NUM_CURSO),\n    CONSTRAINT A_CURSO\n    FOREIGN KEY (NUM_CURSO) REFERENCES CURSO(NUM_CURSO),\n    CONSTRAINT A_ESTUDIANTE\n    FOREIGN KEY (ID_ESTUDIANTE) REFERENCES ESTUDIANTE(ID_ESTUDIANTE)\n);
cc5268d0-8fb5-4a05-9fbe-dd8231309518:1740758254340:20:S:SELECT * FROM CAT;
1530a70d-fb47-46ff-93e7-b86cad39cec7:1740758269525:6:S:insert all \n    INTO AREA VALUES ('MAT', 'Matematicas')\n    INTO AREA VALUES ('FIl', 'Filosofia')\n    INTO AREA VALUES ('ING', 'Literatura inglesa')\n    INTO AREA VALUES ('MUS', 'Musica')\n    INTO AREA VALUES ('CC', 'Ciencias de la computacion')\n    INTO CURSO VALUES ('MAT0011', 'Matematicas discretas', '12')\n    INTO CURSO VALUES ('MAT0027', 'Calculo I', '12')\n    INTO CURSO VALUES ('ING0010', 'Ingles Clasico', '8')\n    INTO CURSO VALUES ('FIL0010', 'Introduccion a la filosofia', '8')\n    INTO CURSO VALUES ('CC00010', 'Lenguajes de programacion', '10')\n    INTO CURSO VALUES ('SOC0102', 'Ascenso del hombre', '8')\n    INTO CURSO VALUES ('MUS0002', 'Origen del Jazz', '8')\n    INTO CURSO VALUES ('ING0101', 'Shakespeare II', '8')\n    INTO ESTUDIANTE VALUES ('2907', 'Lopez', 'Jacobo', 'R', 'MAT')\n    INTO ESTUDIANTE VALUES ('4019', 'Perez', 'Jenny', 'L', 'FIl')\n    INTO ESTUDIANTE VALUES ('5145', 'Santana', 'Luis', 'M', 'ING')\n    INTO ESTUDIANTE VALUES ('6132', 'Morrison', 'Javier', 'Q', 'MUS')\n    INTO ESTUDIANTE VALUES ('7810', 'Martinez', 'Ricardo', 'E', 'CC')\n    INTO ESTUDIANTE VALUES ('8966', 'Juarez', 'Samantha', 'L', 'ING')\n    INTO INSCRIPCION VALUES ('2907', 'MAT0011', '01/08/15')\n    INTO INSCRIPCION VALUES ('2907', 'MAT0027', '30/04/15')\n    INTO INSCRIPCION VALUES ('2907', 'ING0010', '30/12/15')\n    INTO INSCRIPCION VALUES ('4019', 'FIL0010', '30/04/15')\n    INTO INSCRIPCION VALUES ('4019', 'CC00010', '30/04/15')\n    INTO INSCRIPCION VALUES ('5145', 'SOC0102', '01/08/15')\n    INTO INSCRIPCION VALUES ('6132', 'MUS0002', '30/04/15')\n    INTO INSCRIPCION VALUES ('6132', 'SOC0102', '01/08/15')\n    INTO INSCRIPCION VALUES ('8966', 'ING0010', '30/04/15')\n    INTO INSCRIPCION VALUES ('8966', 'ING0101', '01/08/15')\n    SELECT * FROM dual;
761998a2-1dc0-4d98-8ec2-d0f0a8732730:1740758277159:5:S:SELECT * FROM AREA;
6f85b0a4-08a7-45e0-beb3-6593fd6b81a3:1740758277220:8:S:SELECT * FROM CURSO;
791504aa-b14e-4966-a712-f60810e21faa:1740758277276:5:S:SELECT * FROM ESTUDIANTE;
b19bdf5a-2cdf-490c-ba03-0f3190ba33c8:1740758277327:77:S:SELECT * FROM INSCRIPCION;
b59cde9c-a012-4d16-8520-c40544af83ae:1740758302021:12:S:SELECT \n    ESTUDIANTE.NOMBRE,\n    ESTUDIANTE.APELLIDO,\n    AREA.DESCRIPCION_MATERIA,\n    CURSO.NOMBRE_CURSO,\n    INSCRIPCION.FECHA_FIN\nFROM ESTUDIANTE\nJOIN AREA ON ESTUDIANTE.ID_MATERIA = AREA.ID_MATERIA\nJOIN INSCRIPCION  ON ESTUDIANTE.ID_ESTUDIANTE = INSCRIPCION.ID_ESTUDIANTE\nJOIN CURSO ON INSCRIPCION.NUM_CURSO = CURSO.NUM_CURSO;
99d6f45d-ab8b-4af2-b37f-90e4cf1b1d64:1740763429285:0:S:SET SERVEROUTPUT ON;
0974a4f8-ee10-4fcf-a455-82bfc3192535:1740763429346:2:S:EXECUTE lectura;
a8c6aa47-1e00-4659-a6e6-801a5e1b8362:1740763438144:0:S:SET SERVEROUTPUT ON;
384722c6-7a94-4a15-b637-4aca2ca98547:1740763441400:2:S:EXECUTE lectura;
b27fab34-9cde-4ad9-860b-352b4f4623c4:1740763490606:10:S:CREATE OR REPLACE PROCEDURE lectura IS\n    CURSOR TABLA_VIRTUAL IS\n        SELECT * FROM ESTUDIANTE;\n        ARREGLO TABLA_VIRTUAL%ROWTYPE;\nBEGIN \n    OPEN TABLA_VIRTUAL;\n    FETCH TABLA_VIRTUAL INTO ARREGLO;\n    WHILE TABLA_VIRTUAL%FOUND LOOP\n        DBMS_OUTPUT.PUT_LINE('Apellido: ' || ARREGLO.APELLIDO || ' Nombre: ' || ARREGLO.NOMBRE);\n        FETCH TABLA_VIRTUAL INTO ARREGLO;\n    END LOOP;\n    CLOSE TABLA_VIRTUAL;\nEND;\n/
8406c7ec-42c9-4dbb-b15b-d65f89019779:1740763496064:2:S:EXECUTE lectura;
4c053639-4f41-4c7d-b260-41884ef99905:1740764021132:46:F:CREATE OR REPLACE PROCEDURE PARAMETROS(v_ap IN VARCAHR) AS\n    CURSOR CR_parametro (v_Apellido IN VARCHAR2) IS\n        SELECT * FROM ESTUDIANTE WHERE APELLIDO = v_Apellido;\n        V_RECEPTORA CR_parametro%ROWTYPE;\nBEGIN\n    FOR V_RECEPTORA IN CR_parametro(v_ap) LOOP\n        DBMS_OUTPUT.PUT_LINE(V_RECEPTORA.NOMBRE);\n    END LOOP;\nEND;\n/
1c0c5e74-4442-45da-a94f-7775015fead2:1740764142679:35:F:CREATE OR REPLACE PROCEDURE PARAMETROS(v_ap IN VARCAHR) AS\n    CURSOR CR_parametro (v_Apellido IN VARCHAR2) IS\n        SELECT * FROM ESTUDIANTE WHERE APELLIDO = v_Apellido;\n        V_RECEPTORA CR_parametro%ROWTYPE;\nBEGIN\n    FOR V_RECEPTORA IN CR_parametro(v_ap) LOOP\n        DBMS_OUTPUT.PUT_LINE(V_RECEPTORA.NOMBRE);\n    END LOOP;\nEND;\n/
6256456b-438b-4f1f-a9d0-8f91de9e5f03:1740764172331:8:F:CREATE OR REPLACE PROCEDURE PARAMETROS(v_ap IN VARCAHR2) AS\n    CURSOR CR_parametro (v_Apellido IN VARCHAR2) IS\n        SELECT * FROM ESTUDIANTE WHERE APELLIDO = v_Apellido;\n        V_RECEPTORA CR_parametro%ROWTYPE;\nBEGIN\n    FOR V_RECEPTORA IN CR_parametro(v_ap) LOOP\n        DBMS_OUTPUT.PUT_LINE(V_RECEPTORA.NOMBRE);\n    END LOOP;\nEND;\n/
46b78622-8775-40da-acbe-6cb35f7c1605:1740764207864:12:F:CREATE OR REPLACE PROCEDURE PARAMETROS(v_ap IN VARCAHR)\nAS\n    CURSOR CR_parametro (v_Apellido IN VARCHAR2)\n    IS\n        SELECT * FROM ESTUDIANTE WHERE APELLIDO = v_Apellido;\n        V_RECEPTORA CR_parametro%ROWTYPE;\nBEGIN\n    FOR V_RECEPTORA IN CR_parametro(v_ap) LOOP\n        DBMS_OUTPUT.PUT_LINE(V_RECEPTORA.NOMBRE);\n    END LOOP;\nEND;\n/
a56e3303-a6d5-4bc3-81bd-054a5213aa66:1740764439278:21:F:CREATE OR REPLACE PROCEDURE PARAMETROS(v_ap IN Varchar)\nAS\n    CURSOR CR_parametro (v_Apellido IN Varchar2)\n    IS\n        SELECT * FROM ESTUDIANTE WHERE APELLIDO = v_Apellido;\n        V_RECEPTORA CR_parametro%ROWTYPE;\nBEGIN\n    FOR V_RECEPTORA IN CR_parametro(v_ap) LOOP\n        DBMS_OUTPUT.PUT_LINE(V_RECEPTORA.NOMBRE);\n    END LOOP;\nEND;\n/
a10222b8-15d4-400f-9b40-defc11965f72:1740764606074:12:S:EXEC PARAMETROS('JACOBO');
c0fc95f3-2168-4659-8e5a-5fa7c45eab40:1740764650709:0:S:set serveroutput on;
e57f5487-6f05-4a40-b904-cc8970f44ab4:1740764656096:3:S:EXEC PARAMETROS('JACOBO');
f7c88932-85e4-46e3-98ae-25cbc23da6b7:1740764696693:0:S:set serveroutput on;
d8828a13-9100-4a43-9ef3-e16c0a9ac73f:1740764703735:0:F:CREATE TABLESPACE UNAM DATAFILE 'D:/Projects/BDavanzada/UNAM.DBF' SIZE 5M;
e82f3430-6bb7-4d03-9ace-6d3300c8fae1:1740764703887:0:F:CREATE USER BLUE IDENTIFIED BY ****** DEFAULT TABLESPACE UNAM;
299cd708-4094-4d73-b115-3ede4efe652d:1740764703994:0:F:GRANT CONNECT, CREATE SESSION, CREATE TABLE, CREATE PROCEDURE, UNLIMITED TABLESPACE TO BLUE;
42a05155-072c-4ac6-bfe0-13cd6e1d3729:1740764704187:87:F:SELECT * FROM CAT;
f6317973-5b22-49f4-908c-8e4b303a1066:1740764704412:0:F:CREATE TABLE AREA (\n    ID_MATERIA VARCHAR(3) PRIMARY KEY,\n    DESCRIPCION_MATERIA VARCHAR(30)\n);
6aed1ac0-7639-4cf8-9011-f5fa56ddb238:1740764704609:0:F:CREATE TABLE CURSO (\n    NUM_CURSO VARCHAR(10) PRIMARY KEY,\n    NOMBRE_CURSO VARCHAR(30),\n    CREDITOS VARCHAR(2)\n);
8a544e5c-4402-4494-87d6-0b791e641c9e:1740764704858:0:F:CREATE TABLE ESTUDIANTE (\n    ID_ESTUDIANTE VARCHAR(4) PRIMARY KEY,\n    APELLIDO VARCHAR(15),\n    NOMBRE VARCHAR(15),\n    INICIAL CHAR(1),\n    ID_MATERIA VARCHAR(3),\n    CONSTRAINT A_AREA \n    FOREIGN KEY (ID_MATERIA) REFERENCES AREA(ID_MATERIA)\n);
c9d7868d-e59e-4ab3-a2ac-a27832282e5d:1740764705202:0:F:CREATE TABLE INSCRIPCION (\n    ID_ESTUDIANTE VARCHAR(4),\n    NUM_CURSO VARCHAR(10),\n    FECHA_FIN DATE,\n    PRIMARY KEY (ID_ESTUDIANTE, NUM_CURSO),\n    CONSTRAINT A_CURSO\n    FOREIGN KEY (NUM_CURSO) REFERENCES CURSO(NUM_CURSO),\n    CONSTRAINT A_ESTUDIANTE\n    FOREIGN KEY (ID_ESTUDIANTE) REFERENCES ESTUDIANTE(ID_ESTUDIANTE)\n);
dd283f15-897e-40a2-9a80-0d4a52590ce4:1740764707307:15:F:insert all \n    INTO AREA VALUES ('MAT', 'Matematicas')\n    INTO AREA VALUES ('FIl', 'Filosofia')\n    INTO AREA VALUES ('ING', 'Literatura inglesa')\n    INTO AREA VALUES ('MUS', 'Musica')\n    INTO AREA VALUES ('CC', 'Ciencias de la computacion')\n    INTO CURSO VALUES ('MAT0011', 'Matematicas discretas', '12')\n    INTO CURSO VALUES ('MAT0027', 'Calculo I', '12')\n    INTO CURSO VALUES ('ING0010', 'Ingles Clasico', '8')\n    INTO CURSO VALUES ('FIL0010', 'Introduccion a la filosofia', '8')\n    INTO CURSO VALUES ('CC00010', 'Lenguajes de programacion', '10')\n    INTO CURSO VALUES ('SOC0102', 'Ascenso del hombre', '8')\n    INTO CURSO VALUES ('MUS0002', 'Origen del Jazz', '8')\n    INTO CURSO VALUES ('ING0101', 'Shakespeare II', '8')\n    INTO ESTUDIANTE VALUES ('2907', 'Lopez', 'Jacobo', 'R', 'MAT')\n    INTO ESTUDIANTE VALUES ('4019', 'Perez', 'Jenny', 'L', 'FIl')\n    INTO ESTUDIANTE VALUES ('5145', 'Santana', 'Luis', 'M', 'ING')\n    INTO ESTUDIANTE VALUES ('6132', 'Morrison', 'Javier', 'Q', 'MUS')\n    INTO ESTUDIANTE VALUES ('7810', 'Martinez', 'Ricardo', 'E', 'CC')\n    INTO ESTUDIANTE VALUES ('8966', 'Juarez', 'Samantha', 'L', 'ING')\n    INTO INSCRIPCION VALUES ('2907', 'MAT0011', '01/08/15')\n    INTO INSCRIPCION VALUES ('2907', 'MAT0027', '30/04/15')\n    INTO INSCRIPCION VALUES ('2907', 'ING0010', '30/12/15')\n    INTO INSCRIPCION VALUES ('4019', 'FIL0010', '30/04/15')\n    INTO INSCRIPCION VALUES ('4019', 'CC00010', '30/04/15')\n    INTO INSCRIPCION VALUES ('5145', 'SOC0102', '01/08/15')\n    INTO INSCRIPCION VALUES ('6132', 'MUS0002', '30/04/15')\n    INTO INSCRIPCION VALUES ('6132', 'SOC0102', '01/08/15')\n    INTO INSCRIPCION VALUES ('8966', 'ING0010', '30/04/15')\n    INTO INSCRIPCION VALUES ('8966', 'ING0101', '01/08/15')\n    SELECT * FROM dual;
07e36ce5-c39a-4486-b85c-3339a6e4dd57:1740764707379:3:F:SELECT * FROM AREA;
68ccb314-a5ee-4337-9f8e-c1b72b527472:1740764707411:3:F:SELECT * FROM CURSO;
cc5c3602-366d-4726-bb4f-cc8b51a88279:1740764707444:5:F:SELECT * FROM ESTUDIANTE;
53b526b7-8021-4146-906d-d5fc6535e019:1740764707489:63:F:SELECT * FROM INSCRIPCION;
a91432b0-3e16-4941-bd51-7706b11b7516:1740764707891:8:F:CREATE OR REPLACE PROCEDURE CONSULTA (\n    V_CODIGO IN ESTUDIANTE.ID_ESTUDIANTE%TYPE,\n    V_APELLIDO OUT ESTUDIANTE.APELLIDO%TYPE,\n    V_NOMBRE OUT ESTUDIANTE.NOMBRE%TYPE,\n    V_AREA_MATERIA OUT AREA.ID_MATERIA%TYPE\n)\nIS \nBEGIN\n    SELECT APELLIDO, NOMBRE, ID_MATERIA\n    INTO V_APELLIDO, V_NOMBRE, V_AREA_MATERIA\n    FROM ESTUDIANTE\n    WHERE ID_ESTUDIANTE = V_CODIGO;\nEND CONSULTA;\n/
cecbcdb0-39cb-4663-9e22-7f31ef44f63e:1740764707953:0:S:VARIABLE G_APELLIDO VARCHAR2(15);
ebfbfa86-4850-43cf-a5aa-632cba05cf34:1740764707981:0:S:VARIABLE G_NOMBRE VARCHAR2(15);
3d0dbf57-1a84-4244-9341-9e0681c5803c:1740764708012:0:S:VARIABLE G_AREA_MATERIA VARCHAR2(3);
a9a98d0f-7846-4100-a84b-63576a2e0e14:1740764708082:5:S:EXECUTE CONSULTA ('2907', :G_APELLIDO, :G_NOMBRE, :G_AREA_MATERIA);
8c8738a3-e869-47ab-b7dc-47adf4a5d20e:1740764708147:0:S:PRINT G_APELLIDO;
817b1228-e55f-4390-a270-969ec32a9fc9:1740764708178:0:S:PRINT G_NOMBRE;
a762063a-e43a-4db9-914f-a5745af857d3:1740764708207:0:S:PRINT G_AREA_MATERIA;
cd3006fa-3e6e-4c8e-99af-e67f01247808:1740764708545:11:F:CREATE OR REPLACE PROCEDURE formato_tel (\n    v_Telefono IN OUT VARCHAR2\n)\n    IS\n    BEGIN\n        v_Telefono := '(' || SUBSTR(v_Telefono, 1, 3) || ') ' || SUBSTR(v_Telefono, 4, 3) || '-' || SUBSTR(v_Telefono, 7, 4);\n    END formato_tel;\n/
ce4da3df-432d-41dd-8bc3-c498ca9ea578:1740764708607:0:S:VARIABLE g_telefono VARCHAR2(15);
c50059e4-c98f-45e8-8dbc-5c33cf5595ad:1740764708669:2:F:BEGIN \n    :g_telefono := '8006330575';\nEND;\n/
d336c18c-25b2-4682-b950-01c1ab184ff5:1740764708748:2:S:EXECUTE formato_tel(:g_telefono);
a867d14e-1ba6-48d9-8604-bbd8b537c178:1740764708804:0:S:PRINT g_telefono;
103d082e-9ced-45ae-b36c-d6efff0defed:1740764709035:19:F:SELECT \n    ESTUDIANTE.NOMBRE,\n    ESTUDIANTE.APELLIDO,\n    AREA.DESCRIPCION_MATERIA,\n    CURSO.NOMBRE_CURSO,\n    INSCRIPCION.FECHA_FIN\nFROM ESTUDIANTE\nJOIN AREA ON ESTUDIANTE.ID_MATERIA = AREA.ID_MATERIA\nJOIN INSCRIPCION  ON ESTUDIANTE.ID_ESTUDIANTE = INSCRIPCION.ID_ESTUDIANTE\nJOIN CURSO ON INSCRIPCION.NUM_CURSO = CURSO.NUM_CURSO;
01243fc3-be59-4192-92a3-71c8bf260441:1740764709547:9:F:CREATE OR REPLACE PROCEDURE lectura IS\n    CURSOR TABLA_VIRTUAL IS\n        SELECT * FROM ESTUDIANTE;\n        ARREGLO TABLA_VIRTUAL%ROWTYPE;\nBEGIN \n    OPEN TABLA_VIRTUAL;\n    FETCH TABLA_VIRTUAL INTO ARREGLO;\n    WHILE TABLA_VIRTUAL%FOUND LOOP\n        DBMS_OUTPUT.PUT_LINE('Apellido: ' || ARREGLO.APELLIDO || ' Nombre: ' || ARREGLO.NOMBRE);\n        FETCH TABLA_VIRTUAL INTO ARREGLO;\n    END LOOP;\n    CLOSE TABLA_VIRTUAL;\nEND;\n/
4daa53dd-106c-45a5-8e69-69a2b12bcc5b:1740764709626:0:S:set serveroutput on;
6b232e8d-eb43-4ad7-802d-730738f3c52f:1740764709679:2:S:EXECUTE lectura;
daf3fd82-d816-4bd6-9094-81966f947c09:1740764710016:14:F:CREATE OR REPLACE PROCEDURE CURSOR_FLOOP IS\n    CURSOR CR_LOOP IS\n        SELECT * FROM CURSO;\n        V_RECEPTORA CR_LOOP%ROWTYPE;\nBEGIN\n    FOR V_RECEPTORA IN CR_LOOP LOOP\n        DBMS_OUTPUT.PUT_LINE(CR_LOOP%ROWCOUNT || ' ' || V_RECEPTORA.NOMBRE_CURSO);\n    END LOOP;\nEND;\n/
0308cfa1-3bd5-45d3-b50c-3015ce4ab739:1740764710411:9:F:CREATE OR REPLACE PROCEDURE PARAMETROS(v_ap IN Varchar)\nAS\n    CURSOR CR_parametro (v_Apellido IN Varchar2)\n    IS\n        SELECT * FROM ESTUDIANTE WHERE APELLIDO = v_Apellido;\n        V_RECEPTORA CR_parametro%ROWTYPE;\nBEGIN\n    FOR V_RECEPTORA IN CR_parametro(v_ap) LOOP\n        DBMS_OUTPUT.PUT_LINE(V_RECEPTORA.NOMBRE);\n    END LOOP;\nEND;\n/
367baff8-1606-49c0-86a4-ba4cdd57dad3:1740764710470:2:S:EXEC PARAMETROS('JACOBO');
643b5f6b-0ecb-4110-9585-5ec263fc2cb2:1740764721043:2:S:EXEC PARAMETROS('JACOBO');
6c33c2eb-f9ec-4fcc-873e-2019e1f553f4:1740764722875:3:S:EXEC PARAMETROS('JACOBO');
22e8b335-4df3-4aa6-83f0-dc4c6c8935a3:1740764723258:2:S:EXEC PARAMETROS('JACOBO');
0777bf04-5cfd-423b-96ef-6df158efa910:1740764723574:2:S:EXEC PARAMETROS('JACOBO');
7907daeb-33bc-4f29-b0b3-742ba9562979:1740764723872:2:S:EXEC PARAMETROS('JACOBO');
16010fab-6ee0-4017-b779-98daa4c3b512:1740764724148:2:S:EXEC PARAMETROS('JACOBO');
9c85aa84-de34-4fbf-aac2-19d669ac084d:1740764743814:4:S:EXEC PARAMETROS('Lopez');
30917cfc-8c14-41b0-83b0-2354f500d0a8:1740764816204:6:F:CREATE OR REPLACE PROCEDURE lectura IS\n    CURSOR TABLA_VIRTUAL IS\n        SELECT * FROM ESTUDIANTE;\n        ARREGLO TABLA_VIRTUAL%ROWTYPE;\nBEGIN \n    OPEN TABLA_VIRTUAL;\n    FETCH TABLA_VIRTUAL INTO ARREGLO;\n    WHILE TABLA_VIRTUAL%FOUND LOOP\n        DBMS_OUTPUT.PUT_LINE('Apellido: ' || ARREGLO.APELLIDO || ' Nombre: ' || ARREGLO.NOMBRE);\n        FETCH TABLA_VIRTUAL INTO ARREGLO;\n    END LOOP;\n    CLOSE TABLA_VIRTUAL;\nEND;\n/
7b57c467-6c48-4333-a5f9-e48d4279cfb4:1740764821714:3:S:EXECUTE lectura;
7884cfb4-2329-41f5-a456-4224f032eb70:1740765283314:14:F:CREATE OR REPLACE PROCEDURE INSCRITO(V_ID IN VARCHAR2)\nAS\n    CURSOR CR_INSCRITO (V_ID_ESTUDIANTE IN VARCHAR2)\n    IS\n        SELECT CURSO.NUM_CURSO, CURSO.NOMBRE_CURSO, CURSO.CREDITOS\n        FROM CURSO\n        JOIN INSCRIPCION ON CURSO.NUM_CURSO = INSCRIPCION.NUM_CURSO\n        WHERE INSCRIPCION.ID_ESTUDIANTE = V_ID_ESTUDIANTE;\n        V_RECEPTORA CR_INSCRITO%ROWTYPE;\nBEGIN\n    FOR V_RECEPTORA IN CR_INSCRITO(V_ID) LOOP\n    DBMS_OUTPUT.PUT_LINE('El alumno ' || ESTUDIANTE.NOMBRE || ' ' || ESTUDIANTE.APELLIDO || ' está inscrito en los cursos siguientes:');\n    DBMS_OUTPUT.PUT_LINE('Numero de curso: ' || V_RECEPTORA.NUM_CURSO || ' Nombre curso: ' || V_RECEPTORA.NOMBRE_CURSO || ' Creditos: ' || V_RECEPTORA.CREDITOS);\n    END LOOP;\nEND;\n/
914ddc72-030e-4a41-9f1c-e522853b2cb4:1740766794272:10:F:commit;
